<?xml version="1.0" encoding="UTF-8"?>
<!-- Generated by org.testng.reporters.JUnitReportReporter -->
<testsuite hostname="DESKTOP-30KT7AG" failures="0" tests="2" name="rahulshettyacademy.Mavenjava.AppiumTest" time="0.008" errors="0" timestamp="2021-12-05T23:46:14 EST" skipped="0">
  <testcase classname="rahulshettyacademy.Mavenjava.AppiumTest" name="NativeAndroid" time="0.002"/>
  <system-out/>
  <testcase classname="rahulshettyacademy.Mavenjava.AppiumTest" name="iOSApps" time="0.006"/>
  <system-out/>
</testsuite> <!-- rahulshettyacademy.Mavenjava.AppiumTest -->
