<?xml version="1.0" encoding="UTF-8"?>
<!-- Generated by org.testng.reporters.JUnitReportReporter -->
<testsuite hostname="DESKTOP-30KT7AG" failures="0" tests="2" name="rahulshettyacademy.Mavenjava.restAPITest" time="0.007" errors="0" timestamp="2021-12-05T20:38:35 EST" skipped="0">
  <testcase classname="rahulshettyacademy.Mavenjava.restAPITest" name="PostJira" time="0.001"/>
  <system-out/>
  <testcase classname="rahulshettyacademy.Mavenjava.restAPITest" name="DeleteTwitter" time="0.006"/>
  <system-out/>
</testsuite> <!-- rahulshettyacademy.Mavenjava.restAPITest -->
