<?xml version="1.0" encoding="UTF-8"?>
<!-- Generated by org.testng.reporters.JUnitReportReporter -->
<testsuite hostname="DESKTOP-30KT7AG" failures="0" tests="2" name="rahulshettyacademy.Mavenjava.AppiumTest" time="0.001" errors="0" timestamp="2021-12-05T20:38:35 EST" skipped="0">
  <testcase classname="rahulshettyacademy.Mavenjava.AppiumTest" name="NativeAndroid" time="0.001"/>
  <system-out/>
  <testcase classname="rahulshettyacademy.Mavenjava.AppiumTest" name="iOSApps" time="0.000"/>
  <system-out/>
</testsuite> <!-- rahulshettyacademy.Mavenjava.AppiumTest -->
