<?xml version="1.0" encoding="UTF-8"?>
<!-- Generated by org.testng.reporters.JUnitReportReporter -->
<testsuite hostname="DESKTOP-30KT7AG" failures="0" tests="2" name="rahulshettyacademy.Mavenjava.SeleniumTest" time="0.000" errors="0" timestamp="2021-12-05T20:38:20 EST" skipped="0">
  <testcase classname="rahulshettyacademy.Mavenjava.SeleniumTest" name="BrowserAutomation" time="0.000"/>
  <system-out/>
  <testcase classname="rahulshettyacademy.Mavenjava.SeleniumTest" name="elementsUi" time="0.000"/>
  <system-out/>
</testsuite> <!-- rahulshettyacademy.Mavenjava.SeleniumTest -->
